─ Session info ───────────────────────────────────────────────────────────────
 setting  value
 version  R version 4.3.1 (2023-06-16)
 os       macOS Sonoma 14.1.1
 system   aarch64, darwin22.4.0
 ui       unknown
 language (EN)
 collate  en_US.UTF-8
 ctype    en_US.UTF-8
 tz       America/Bahia
 date     2024-01-06
 pandoc   3.1.7 @ /opt/homebrew/bin/ (via rmarkdown)

─ Packages ───────────────────────────────────────────────────────────────────
 package     * version date (UTC) lib source
 cachem        1.0.8   2023-05-01 [1] CRAN (R 4.3.0)
 callr         3.7.3   2022-11-02 [1] CRAN (R 4.3.0)
 cellranger    1.1.0   2016-07-27 [1] CRAN (R 4.3.0)
 cli           3.6.1   2023-03-23 [1] CRAN (R 4.3.0)
 codetools     0.2-19  2023-02-01 [2] CRAN (R 4.3.1)
 crayon        1.5.2   2022-09-29 [1] CRAN (R 4.3.0)
 curl          5.0.0   2023-01-12 [1] CRAN (R 4.3.0)
 data.table    1.14.8  2023-02-17 [1] CRAN (R 4.3.0)
 devtools      2.4.5   2022-10-11 [1] CRAN (R 4.3.1)
 digest        0.6.31  2022-12-11 [1] CRAN (R 4.3.0)
 dplyr       * 1.1.2   2023-04-20 [1] CRAN (R 4.3.0)
 DT          * 0.28    2023-05-18 [1] CRAN (R 4.3.0)
 ellipsis      0.3.2   2021-04-29 [1] CRAN (R 4.3.0)
 evaluate      0.21    2023-05-05 [1] CRAN (R 4.3.0)
 fansi         1.0.4   2023-01-22 [1] CRAN (R 4.3.0)
 fastmap       1.1.1   2023-02-24 [1] CRAN (R 4.3.0)
 forcats       1.0.0   2023-01-29 [1] CRAN (R 4.3.0)
 foreign       0.8-84  2022-12-06 [2] CRAN (R 4.3.1)
 fs          * 1.6.2   2023-04-25 [1] CRAN (R 4.3.0)
 generics      0.1.3   2022-07-05 [1] CRAN (R 4.3.0)
 getLattes   * 0.2.0   2024-01-06 [1] local
 glue          1.6.2   2022-02-24 [1] CRAN (R 4.3.0)
 haven         2.5.2   2023-02-28 [1] CRAN (R 4.3.0)
 hms           1.1.3   2023-03-21 [1] CRAN (R 4.3.0)
 htmltools     0.5.5   2023-03-23 [1] CRAN (R 4.3.0)
 htmlwidgets   1.6.2   2023-03-17 [1] CRAN (R 4.3.0)
 httpuv        1.6.11  2023-05-11 [1] CRAN (R 4.3.0)
 janitor     * 2.2.0   2023-02-02 [1] CRAN (R 4.3.0)
 jsonlite      1.8.4   2022-12-06 [1] CRAN (R 4.3.0)
 knitr         1.43    2023-05-25 [1] CRAN (R 4.3.1)
 later         1.3.1   2023-05-02 [1] CRAN (R 4.3.0)
 lifecycle     1.0.3   2022-10-07 [1] CRAN (R 4.3.0)
 lubridate   * 1.9.2   2023-02-10 [1] CRAN (R 4.3.0)
 magrittr      2.0.3   2022-03-30 [1] CRAN (R 4.3.0)
 memoise       2.0.1   2021-11-26 [1] CRAN (R 4.3.0)
 mime          0.12    2021-09-28 [1] CRAN (R 4.3.0)
 miniUI        0.1.1.1 2018-05-18 [1] CRAN (R 4.3.0)
 openxlsx      4.2.5.2 2023-02-06 [1] CRAN (R 4.3.0)
 pillar        1.9.0   2023-03-22 [1] CRAN (R 4.3.0)
 pkgbuild      1.4.2   2023-06-26 [1] CRAN (R 4.3.1)
 pkgconfig     2.0.3   2019-09-22 [1] CRAN (R 4.3.0)
 pkgload       1.3.2   2022-11-16 [1] CRAN (R 4.3.0)
 prettyunits   1.1.1   2020-01-24 [1] CRAN (R 4.3.0)
 processx      3.8.2   2023-06-30 [1] CRAN (R 4.3.1)
 profvis       0.3.8   2023-05-02 [1] CRAN (R 4.3.1)
 promises      1.2.0.1 2021-02-11 [1] CRAN (R 4.3.0)
 ps            1.7.5   2023-04-18 [1] CRAN (R 4.3.0)
 purrr       * 1.0.1   2023-01-10 [1] CRAN (R 4.3.0)
 R6            2.5.1   2021-08-19 [1] CRAN (R 4.3.0)
 Rcpp          1.0.10  2023-01-22 [1] CRAN (R 4.3.0)
 readxl        1.4.2   2023-02-09 [1] CRAN (R 4.3.0)
 remotes       2.4.2   2021-11-30 [1] CRAN (R 4.3.0)
 rio         * 0.5.29  2021-11-22 [1] CRAN (R 4.3.0)
 rlang         1.1.1   2023-04-28 [1] CRAN (R 4.3.0)
 rmarkdown     2.21    2023-03-26 [1] CRAN (R 4.3.0)
 rstudioapi    0.14    2022-08-22 [1] CRAN (R 4.3.0)
 sessioninfo   1.2.2   2021-12-06 [1] CRAN (R 4.3.1)
 shiny         1.7.4   2022-12-15 [1] CRAN (R 4.3.0)
 snakecase     0.11.0  2019-05-25 [1] CRAN (R 4.3.0)
 stringi       1.7.12  2023-01-11 [1] CRAN (R 4.3.0)
 stringr       1.5.0   2022-12-02 [1] CRAN (R 4.3.0)
 tibble      * 3.2.1   2023-03-20 [1] CRAN (R 4.3.0)
 tictoc      * 1.2     2023-04-23 [1] CRAN (R 4.3.1)
 tidyr       * 1.3.0   2023-01-24 [1] CRAN (R 4.3.0)
 tidyselect    1.2.0   2022-10-10 [1] CRAN (R 4.3.0)
 timechange    0.2.0   2023-01-11 [1] CRAN (R 4.3.0)
 urlchecker    1.0.1   2021-11-30 [1] CRAN (R 4.3.1)
 usethis       2.2.2   2023-07-06 [1] CRAN (R 4.3.1)
 utf8          1.2.3   2023-01-31 [1] CRAN (R 4.3.0)
 vctrs         0.6.2   2023-04-19 [1] CRAN (R 4.3.0)
 withr         2.5.0   2022-03-03 [1] CRAN (R 4.3.0)
 xfun          0.39    2023-04-20 [1] CRAN (R 4.3.0)
 xml2        * 1.3.4   2023-04-27 [1] CRAN (R 4.3.0)
 xtable        1.8-4   2019-04-21 [1] CRAN (R 4.3.0)
 yaml          2.3.7   2023-01-23 [1] CRAN (R 4.3.0)
 zip           2.3.0   2023-04-17 [1] CRAN (R 4.3.0)

 [1] /opt/homebrew/lib/R/4.3/site-library
 [2] /opt/homebrew/Cellar/r/4.3.1/lib/R/library

──────────────────────────────────────────────────────────────────────────────
